# JRE version: OpenJDK Runtime Environment Temurin-21.0.10+7 (21.0.10+7) (build 21.0.10+7-LTS)
# Java VM: OpenJDK 64-Bit Server VM Temurin-21.0.10+7 (21.0.10+7-LTS, mixed mode, sharing, tiered, compressed oops, compressed class ptrs, parallel gc, windows-amd64)
GC Precious Log:
 CardTable entry size: 512
 CPUs: 8 total, 8 available
 Memory: 16122M
 Large Page Support: Disabled
 NUMA Support: Disabled
 Compressed Oops: Enabled (32-bit)
 Alignments: Space 512K, Generation 512K, Heap 2M
 Heap Min Capacity: 100M
 Heap Initial Capacity: 100M
 Heap Max Capacity: 2G
 Pre-touch: Disabled
 Parallel Workers: 8
Heap:
 PSYoungGen      total 5632K, used 3731K [0x00000000d5580000, 0x00000000d5f00000, 0x0000000100000000)
  eden space 4608K, 58% used [0x00000000d5580000,0x00000000d58274b8,0x00000000d5a00000)
  from space 1024K, 99% used [0x00000000d5c00000,0x00000000d5cfdb10,0x00000000d5d00000)
  to   space 2048K, 0% used [0x00000000d5a00000,0x00000000d5a00000,0x00000000d5c00000)
 ParOldGen       total 1198592K, used 1198538K [0x0000000080000000, 0x00000000c9280000, 0x00000000d5580000)
  object space 1198592K, 99% used [0x0000000080000000,0x00000000c9272968,0x00000000c9280000)
 Metaspace       used 91264K, committed 92992K, reserved 1179648K
  class space    used 9118K, committed 10048K, reserved 1048576K
GC Heap History (20 events):
Event: 5302.646 GC heap before
{Heap before GC invocations=2901 (full 6):
 PSYoungGen      total 6656K, used 6546K [0x00000000d5580000, 0x00000000d5d00000, 0x0000000100000000)
  eden space 5632K, 100% used [0x00000000d5580000,0x00000000d5b00000,0x00000000d5b00000)
  from space 1024K, 89% used [0x00000000d5c00000,0x00000000d5ce4920,0x00000000d5d00000)
  to   space 1024K, 0% used [0x00000000d5b00000,0x00000000d5b00000,0x00000000d5c00000)
 ParOldGen       total 1192448K, used 1192243K [0x0000000080000000, 0x00000000c8c80000, 0x00000000d5580000)
  object space 1192448K, 99% used [0x0000000080000000,0x00000000c8c4cc98,0x00000000c8c80000)
 Metaspace       used 91212K, committed 92992K, reserved 1179648K
  class space    used 9118K, committed 10048K, reserved 1048576K
}
Event: 5302.649 GC heap after
{Heap after GC invocations=2901 (full 6):
 PSYoungGen      total 6656K, used 901K [0x00000000d5580000, 0x00000000d5d00000, 0x0000000100000000)
  eden space 5632K, 0% used [0x00000000d5580000,0x00000000d5580000,0x00000000d5b00000)
  from space 1024K, 88% used [0x00000000d5b00000,0x00000000d5be16c0,0x00000000d5c00000)
  to   space 1024K, 0% used [0x00000000d5c00000,0x00000000d5c00000,0x00000000d5d00000)
 ParOldGen       total 1192960K, used 1192941K [0x0000000080000000, 0x00000000c8d00000, 0x00000000d5580000)
  object space 1192960K, 99% used [0x0000000080000000,0x00000000c8cfb458,0x00000000c8d00000)
 Metaspace       used 91212K, committed 92992K, reserved 1179648K
  class space    used 9118K, committed 10048K, reserved 1048576K
}
Event: 5302.658 GC heap before
{Heap before GC invocations=2902 (full 6):
 PSYoungGen      total 6656K, used 6533K [0x00000000d5580000, 0x00000000d5d00000, 0x0000000100000000)
  eden space 5632K, 100% used [0x00000000d5580000,0x00000000d5b00000,0x00000000d5b00000)
  from space 1024K, 88% used [0x00000000d5b00000,0x00000000d5be16c0,0x00000000d5c00000)
  to   space 1024K, 0% used [0x00000000d5c00000,0x00000000d5c00000,0x00000000d5d00000)
 ParOldGen       total 1192960K, used 1192941K [0x0000000080000000, 0x00000000c8d00000, 0x00000000d5580000)
  object space 1192960K, 99% used [0x0000000080000000,0x00000000c8cfb458,0x00000000c8d00000)
 Metaspace       used 91212K, committed 92992K, reserved 1179648K
  class space    used 9118K, committed 10048K, reserved 1048576K
}
Event: 5302.660 GC heap after
{Heap after GC invocations=2902 (full 6):
 PSYoungGen      total 6656K, used 672K [0x00000000d5580000, 0x00000000d5d00000, 0x0000000100000000)
  eden space 5632K, 0% used [0x00000000d5580000,0x00000000d5580000,0x00000000d5b00000)
  from space 1024K, 65% used [0x00000000d5c00000,0x00000000d5ca8020,0x00000000d5d00000)
  to   space 1024K, 0% used [0x00000000d5b00000,0x00000000d5b00000,0x00000000d5c00000)
 ParOldGen       total 1193984K, used 1193772K [0x0000000080000000, 0x00000000c8e00000, 0x00000000d5580000)
  object space 1193984K, 99% used [0x0000000080000000,0x00000000c8dcb2c8,0x00000000c8e00000)
 Metaspace       used 91212K, committed 92992K, reserved 1179648K
  class space    used 9118K, committed 10048K, reserved 1048576K
}
Event: 5302.671 GC heap before
{Heap before GC invocations=2903 (full 6):
 PSYoungGen      total 6656K, used 6304K [0x00000000d5580000, 0x00000000d5d00000, 0x0000000100000000)
  eden space 5632K, 100% used [0x00000000d5580000,0x00000000d5b00000,0x00000000d5b00000)
  from space 1024K, 65% used [0x00000000d5c00000,0x00000000d5ca8020,0x00000000d5d00000)
  to   space 1024K, 0% used [0x00000000d5b00000,0x00000000d5b00000,0x00000000d5c00000)
 ParOldGen       total 1193984K, used 1193772K [0x0000000080000000, 0x00000000c8e00000, 0x00000000d5580000)
  object space 1193984K, 99% used [0x0000000080000000,0x00000000c8dcb2c8,0x00000000c8e00000)
 Metaspace       used 91213K, committed 92992K, reserved 1179648K
  class space    used 9118K, committed 10048K, reserved 1048576K
}
Event: 5302.674 GC heap after
{Heap after GC invocations=2903 (full 6):
 PSYoungGen      total 6656K, used 592K [0x00000000d5580000, 0x00000000d5d00000, 0x0000000100000000)
  eden space 5632K, 0% used [0x00000000d5580000,0x00000000d5580000,0x00000000d5b00000)
  from space 1024K, 57% used [0x00000000d5b00000,0x00000000d5b94010,0x00000000d5c00000)
  to   space 1024K, 0% used [0x00000000d5c00000,0x00000000d5c00000,0x00000000d5d00000)
 ParOldGen       total 1194496K, used 1194240K [0x0000000080000000, 0x00000000c8e80000, 0x00000000d5580000)
  object space 1194496K, 99% used [0x0000000080000000,0x00000000c8e40318,0x00000000c8e80000)
 Metaspace       used 91213K, committed 92992K, reserved 1179648K
  class space    used 9118K, committed 10048K, reserved 1048576K
}
Event: 5302.701 GC heap before
{Heap before GC invocations=2904 (full 6):
 PSYoungGen      total 6656K, used 6224K [0x00000000d5580000, 0x00000000d5d00000, 0x0000000100000000)
  eden space 5632K, 100% used [0x00000000d5580000,0x00000000d5b00000,0x00000000d5b00000)
  from space 1024K, 57% used [0x00000000d5b00000,0x00000000d5b94010,0x00000000d5c00000)
  to   space 1024K, 0% used [0x00000000d5c00000,0x00000000d5c00000,0x00000000d5d00000)
 ParOldGen       total 1194496K, used 1194240K [0x0000000080000000, 0x00000000c8e80000, 0x00000000d5580000)
  object space 1194496K, 99% used [0x0000000080000000,0x00000000c8e40318,0x00000000c8e80000)
 Metaspace       used 91213K, committed 92992K, reserved 1179648K
  class space    used 9118K, committed 10048K, reserved 1048576K
}
Event: 5302.704 GC heap after
{Heap after GC invocations=2904 (full 6):
 PSYoungGen      total 5632K, used 997K [0x00000000d5580000, 0x00000000d5f00000, 0x0000000100000000)
  eden space 4608K, 0% used [0x00000000d5580000,0x00000000d5580000,0x00000000d5a00000)
  from space 1024K, 97% used [0x00000000d5c00000,0x00000000d5cf9468,0x00000000d5d00000)
  to   space 2048K, 0% used [0x00000000d5a00000,0x00000000d5a00000,0x00000000d5c00000)
 ParOldGen       total 1195008K, used 1194891K [0x0000000080000000, 0x00000000c8f00000, 0x00000000d5580000)
  object space 1195008K, 99% used [0x0000000080000000,0x00000000c8ee2e10,0x00000000c8f00000)
 Metaspace       used 91213K, committed 92992K, reserved 1179648K
  class space    used 9118K, committed 10048K, reserved 1048576K
}
Event: 5302.713 GC heap before
{Heap before GC invocations=2905 (full 6):
 PSYoungGen      total 5632K, used 5605K [0x00000000d5580000, 0x00000000d5f00000, 0x0000000100000000)
  eden space 4608K, 100% used [0x00000000d5580000,0x00000000d5a00000,0x00000000d5a00000)
  from space 1024K, 97% used [0x00000000d5c00000,0x00000000d5cf9468,0x00000000d5d00000)
  to   space 2048K, 0% used [0x00000000d5a00000,0x00000000d5a00000,0x00000000d5c00000)
 ParOldGen       total 1195008K, used 1194891K [0x0000000080000000, 0x00000000c8f00000, 0x00000000d5580000)
  object space 1195008K, 99% used [0x0000000080000000,0x00000000c8ee2e10,0x00000000c8f00000)
 Metaspace       used 91213K, committed 92992K, reserved 1179648K
  class space    used 9118K, committed 10048K, reserved 1048576K
}
Event: 5302.715 GC heap after
{Heap after GC invocations=2905 (full 6):
 PSYoungGen      total 5632K, used 852K [0x00000000d5580000, 0x00000000d5d00000, 0x0000000100000000)
  eden space 4608K, 0% used [0x00000000d5580000,0x00000000d5580000,0x00000000d5a00000)
  from space 1024K, 83% used [0x00000000d5a00000,0x00000000d5ad5200,0x00000000d5b00000)
  to   space 1536K, 0% used [0x00000000d5b80000,0x00000000d5b80000,0x00000000d5d00000)
 ParOldGen       total 1196032K, used 1195838K [0x0000000080000000, 0x00000000c9000000, 0x00000000d5580000)
  object space 1196032K, 99% used [0x0000000080000000,0x00000000c8fcf840,0x00000000c9000000)
 Metaspace       used 91213K, committed 92992K, reserved 1179648K
  class space    used 9118K, committed 10048K, reserved 1048576K
}
Event: 5302.720 GC heap before
{Heap before GC invocations=2906 (full 6):
 PSYoungGen      total 5632K, used 5460K [0x00000000d5580000, 0x00000000d5d00000, 0x0000000100000000)
  eden space 4608K, 100% used [0x00000000d5580000,0x00000000d5a00000,0x00000000d5a00000)
  from space 1024K, 83% used [0x00000000d5a00000,0x00000000d5ad5200,0x00000000d5b00000)
  to   space 1536K, 0% used [0x00000000d5b80000,0x00000000d5b80000,0x00000000d5d00000)
 ParOldGen       total 1196032K, used 1195838K [0x0000000080000000, 0x00000000c9000000, 0x00000000d5580000)
  object space 1196032K, 99% used [0x0000000080000000,0x00000000c8fcf840,0x00000000c9000000)
 Metaspace       used 91213K, committed 92992K, reserved 1179648K
  class space    used 9118K, committed 10048K, reserved 1048576K
}
Event: 5302.723 GC heap after
{Heap after GC invocations=2906 (full 6):
 PSYoungGen      total 5632K, used 544K [0x00000000d5580000, 0x00000000d5c80000, 0x0000000100000000)
  eden space 4608K, 0% used [0x00000000d5580000,0x00000000d5580000,0x00000000d5a00000)
  from space 1024K, 53% used [0x00000000d5b80000,0x00000000d5c08020,0x00000000d5c80000)
  to   space 1024K, 0% used [0x00000000d5a00000,0x00000000d5a00000,0x00000000d5b00000)
 ParOldGen       total 1197056K, used 1196574K [0x0000000080000000, 0x00000000c9100000, 0x00000000d5580000)
  object space 1197056K, 99% used [0x0000000080000000,0x00000000c90879d0,0x00000000c9100000)
 Metaspace       used 91213K, committed 92992K, reserved 1179648K
  class space    used 9118K, committed 10048K, reserved 1048576K
}
Event: 5302.732 GC heap before
{Heap before GC invocations=2907 (full 6):
 PSYoungGen      total 5632K, used 5152K [0x00000000d5580000, 0x00000000d5c80000, 0x0000000100000000)
  eden space 4608K, 100% used [0x00000000d5580000,0x00000000d5a00000,0x00000000d5a00000)
  from space 1024K, 53% used [0x00000000d5b80000,0x00000000d5c08020,0x00000000d5c80000)
  to   space 1024K, 0% used [0x00000000d5a00000,0x00000000d5a00000,0x00000000d5b00000)
 ParOldGen       total 1197056K, used 1196574K [0x0000000080000000, 0x00000000c9100000, 0x00000000d5580000)
  object space 1197056K, 99% used [0x0000000080000000,0x00000000c90879d0,0x00000000c9100000)
 Metaspace       used 91213K, committed 92992K, reserved 1179648K
  class space    used 9118K, committed 10048K, reserved 1048576K
}
Event: 5302.735 GC heap after
{Heap after GC invocations=2907 (full 6):
 PSYoungGen      total 5632K, used 608K [0x00000000d5580000, 0x00000000d5d00000, 0x0000000100000000)
  eden space 4608K, 0% used [0x00000000d5580000,0x00000000d5580000,0x00000000d5a00000)
  from space 1024K, 59% used [0x00000000d5a00000,0x00000000d5a98000,0x00000000d5b00000)
  to   space 1024K, 0% used [0x00000000d5c00000,0x00000000d5c00000,0x00000000d5d00000)
 ParOldGen       total 1197056K, used 1197038K [0x0000000080000000, 0x00000000c9100000, 0x00000000d5580000)
  object space 1197056K, 99% used [0x0000000080000000,0x00000000c90fba30,0x00000000c9100000)
 Metaspace       used 91213K, committed 92992K, reserved 1179648K
  class space    used 9118K, committed 10048K, reserved 1048576K
}
Event: 5302.746 GC heap before
{Heap before GC invocations=2908 (full 6):
 PSYoungGen      total 5632K, used 5216K [0x00000000d5580000, 0x00000000d5d00000, 0x0000000100000000)
  eden space 4608K, 100% used [0x00000000d5580000,0x00000000d5a00000,0x00000000d5a00000)
  from space 1024K, 59% used [0x00000000d5a00000,0x00000000d5a98000,0x00000000d5b00000)
  to   space 1024K, 0% used [0x00000000d5c00000,0x00000000d5c00000,0x00000000d5d00000)
 ParOldGen       total 1197056K, used 1197038K [0x0000000080000000, 0x00000000c9100000, 0x00000000d5580000)
  object space 1197056K, 99% used [0x0000000080000000,0x00000000c90fba30,0x00000000c9100000)
 Metaspace       used 91214K, committed 92992K, reserved 1179648K
  class space    used 9118K, committed 10048K, reserved 1048576K
}
Event: 5302.748 GC heap after
{Heap after GC invocations=2908 (full 6):
 PSYoungGen      total 6656K, used 800K [0x00000000d5580000, 0x00000000d5d00000, 0x0000000100000000)
  eden space 5632K, 0% used [0x00000000d5580000,0x00000000d5580000,0x00000000d5b00000)
  from space 1024K, 78% used [0x00000000d5c00000,0x00000000d5cc8020,0x00000000d5d00000)
  to   space 1024K, 0% used [0x00000000d5b00000,0x00000000d5b00000,0x00000000d5c00000)
 ParOldGen       total 1197568K, used 1197454K [0x0000000080000000, 0x00000000c9180000, 0x00000000d5580000)
  object space 1197568K, 99% used [0x0000000080000000,0x00000000c9163a50,0x00000000c9180000)
 Metaspace       used 91214K, committed 92992K, reserved 1179648K
  class space    used 9118K, committed 10048K, reserved 1048576K
}
Event: 5363.929 GC heap before
{Heap before GC invocations=2909 (full 6):
 PSYoungGen      total 6656K, used 6432K [0x00000000d5580000, 0x00000000d5d00000, 0x0000000100000000)
  eden space 5632K, 100% used [0x00000000d5580000,0x00000000d5b00000,0x00000000d5b00000)
  from space 1024K, 78% used [0x00000000d5c00000,0x00000000d5cc8020,0x00000000d5d00000)
  to   space 1024K, 0% used [0x00000000d5b00000,0x00000000d5b00000,0x00000000d5c00000)
 ParOldGen       total 1197568K, used 1197454K [0x0000000080000000, 0x00000000c9180000, 0x00000000d5580000)
  object space 1197568K, 99% used [0x0000000080000000,0x00000000c9163a50,0x00000000c9180000)
 Metaspace       used 91255K, committed 92992K, reserved 1179648K
  class space    used 9118K, committed 10048K, reserved 1048576K
}
Event: 5363.934 GC heap after
{Heap after GC invocations=2909 (full 6):
 PSYoungGen      total 6656K, used 676K [0x00000000d5580000, 0x00000000d5d00000, 0x0000000100000000)
  eden space 5632K, 0% used [0x00000000d5580000,0x00000000d5580000,0x00000000d5b00000)
  from space 1024K, 66% used [0x00000000d5b00000,0x00000000d5ba9210,0x00000000d5c00000)
  to   space 1024K, 0% used [0x00000000d5c00000,0x00000000d5c00000,0x00000000d5d00000)
 ParOldGen       total 1198592K, used 1198094K [0x0000000080000000, 0x00000000c9280000, 0x00000000d5580000)
  object space 1198592K, 99% used [0x0000000080000000,0x00000000c9203a70,0x00000000c9280000)
 Metaspace       used 91255K, committed 92992K, reserved 1179648K
  class space    used 9118K, committed 10048K, reserved 1048576K
}
Event: 5363.957 GC heap before
{Heap before GC invocations=2910 (full 6):
 PSYoungGen      total 6656K, used 6308K [0x00000000d5580000, 0x00000000d5d00000, 0x0000000100000000)
  eden space 5632K, 100% used [0x00000000d5580000,0x00000000d5b00000,0x00000000d5b00000)
  from space 1024K, 66% used [0x00000000d5b00000,0x00000000d5ba9210,0x00000000d5c00000)
  to   space 1024K, 0% used [0x00000000d5c00000,0x00000000d5c00000,0x00000000d5d00000)
 ParOldGen       total 1198592K, used 1198094K [0x0000000080000000, 0x00000000c9280000, 0x00000000d5580000)
  object space 1198592K, 99% used [0x0000000080000000,0x00000000c9203a70,0x00000000c9280000)
 Metaspace       used 91255K, committed 92992K, reserved 1179648K
  class space    used 9118K, committed 10048K, reserved 1048576K
}
Event: 5363.958 GC heap after
{Heap after GC invocations=2910 (full 6):
 PSYoungGen      total 5632K, used 1014K [0x00000000d5580000, 0x00000000d5f00000, 0x0000000100000000)
  eden space 4608K, 0% used [0x00000000d5580000,0x00000000d5580000,0x00000000d5a00000)
  from space 1024K, 99% used [0x00000000d5c00000,0x00000000d5cfdb10,0x00000000d5d00000)
  to   space 2048K, 0% used [0x00000000d5a00000,0x00000000d5a00000,0x00000000d5c00000)
 ParOldGen       total 1198592K, used 1198538K [0x0000000080000000, 0x00000000c9280000, 0x00000000d5580000)
  object space 1198592K, 99% used [0x0000000080000000,0x00000000c9272968,0x00000000c9280000)
 Metaspace       used 91255K, committed 92992K, reserved 1179648K
  class space    used 9118K, committed 10048K, reserved 1048576K
}

