# JRE version: OpenJDK Runtime Environment Temurin-21.0.10+7 (21.0.10+7) (build 21.0.10+7-LTS)
# Java VM: OpenJDK 64-Bit Server VM Temurin-21.0.10+7 (21.0.10+7-LTS, mixed mode, sharing, tiered, compressed oops, compressed class ptrs, parallel gc, windows-amd64)
GC Precious Log:
 CardTable entry size: 512
 CPUs: 8 total, 8 available
 Memory: 16122M
 Large Page Support: Disabled
 NUMA Support: Disabled
 Compressed Oops: Enabled (32-bit)
 Alignments: Space 512K, Generation 512K, Heap 2M
 Heap Min Capacity: 100M
 Heap Initial Capacity: 100M
 Heap Max Capacity: 2G
 Pre-touch: Disabled
 Parallel Workers: 8
Heap:
 PSYoungGen      total 11264K, used 8889K [0x00000000d5580000, 0x00000000d6200000, 0x0000000100000000)
  eden space 10752K, 77% used [0x00000000d5580000,0x00000000d5daff40,0x00000000d6000000)
  from space 512K, 98% used [0x00000000d6000000,0x00000000d607e818,0x00000000d6080000)
  to   space 1024K, 0% used [0x00000000d6100000,0x00000000d6100000,0x00000000d6200000)
 ParOldGen       total 68608K, used 48811K [0x0000000080000000, 0x0000000084300000, 0x00000000d5580000)
  object space 68608K, 71% used [0x0000000080000000,0x0000000082faaf18,0x0000000084300000)
 Metaspace       used 59973K, committed 61376K, reserved 1114112K
  class space    used 6364K, committed 6976K, reserved 1048576K
GC Heap History (20 events):
Event: 20.578 GC heap before
{Heap before GC invocations=71 (full 2):
 PSYoungGen      total 12800K, used 12800K [0x00000000d5580000, 0x00000000d6380000, 0x0000000100000000)
  eden space 12288K, 100% used [0x00000000d5580000,0x00000000d6180000,0x00000000d6180000)
  from space 512K, 100% used [0x00000000d6280000,0x00000000d6300000,0x00000000d6300000)
  to   space 1024K, 0% used [0x00000000d6180000,0x00000000d6180000,0x00000000d6280000)
 ParOldGen       total 68608K, used 65354K [0x0000000080000000, 0x0000000084300000, 0x00000000d5580000)
  object space 68608K, 95% used [0x0000000080000000,0x0000000083fd2bc0,0x0000000084300000)
 Metaspace       used 55194K, committed 56576K, reserved 1114112K
  class space    used 5936K, committed 6528K, reserved 1048576K
}
Event: 20.579 GC heap after
{Heap after GC invocations=71 (full 2):
 PSYoungGen      total 13312K, used 459K [0x00000000d5580000, 0x00000000d6300000, 0x0000000100000000)
  eden space 12288K, 0% used [0x00000000d5580000,0x00000000d5580000,0x00000000d6180000)
  from space 1024K, 44% used [0x00000000d6180000,0x00000000d61f2e58,0x00000000d6280000)
  to   space 512K, 0% used [0x00000000d6280000,0x00000000d6280000,0x00000000d6300000)
 ParOldGen       total 68608K, used 65723K [0x0000000080000000, 0x0000000084300000, 0x00000000d5580000)
  object space 68608K, 95% used [0x0000000080000000,0x000000008402ecc0,0x0000000084300000)
 Metaspace       used 55194K, committed 56576K, reserved 1114112K
  class space    used 5936K, committed 6528K, reserved 1048576K
}
Event: 20.762 GC heap before
{Heap before GC invocations=72 (full 2):
 PSYoungGen      total 13312K, used 12747K [0x00000000d5580000, 0x00000000d6300000, 0x0000000100000000)
  eden space 12288K, 100% used [0x00000000d5580000,0x00000000d6180000,0x00000000d6180000)
  from space 1024K, 44% used [0x00000000d6180000,0x00000000d61f2e58,0x00000000d6280000)
  to   space 512K, 0% used [0x00000000d6280000,0x00000000d6280000,0x00000000d6300000)
 ParOldGen       total 68608K, used 65723K [0x0000000080000000, 0x0000000084300000, 0x00000000d5580000)
  object space 68608K, 95% used [0x0000000080000000,0x000000008402ecc0,0x0000000084300000)
 Metaspace       used 55800K, committed 57216K, reserved 1114112K
  class space    used 6003K, committed 6656K, reserved 1048576K
}
Event: 20.763 GC heap after
{Heap after GC invocations=72 (full 2):
 PSYoungGen      total 12800K, used 416K [0x00000000d5580000, 0x00000000d6300000, 0x0000000100000000)
  eden space 12288K, 0% used [0x00000000d5580000,0x00000000d5580000,0x00000000d6180000)
  from space 512K, 81% used [0x00000000d6280000,0x00000000d62e8010,0x00000000d6300000)
  to   space 512K, 0% used [0x00000000d6200000,0x00000000d6200000,0x00000000d6280000)
 ParOldGen       total 68608K, used 66098K [0x0000000080000000, 0x0000000084300000, 0x00000000d5580000)
  object space 68608K, 96% used [0x0000000080000000,0x000000008408cab0,0x0000000084300000)
 Metaspace       used 55800K, committed 57216K, reserved 1114112K
  class space    used 6003K, committed 6656K, reserved 1048576K
}
Event: 20.895 GC heap before
{Heap before GC invocations=73 (full 2):
 PSYoungGen      total 12800K, used 12689K [0x00000000d5580000, 0x00000000d6300000, 0x0000000100000000)
  eden space 12288K, 99% used [0x00000000d5580000,0x00000000d617c6f0,0x00000000d6180000)
  from space 512K, 81% used [0x00000000d6280000,0x00000000d62e8010,0x00000000d6300000)
  to   space 512K, 0% used [0x00000000d6200000,0x00000000d6200000,0x00000000d6280000)
 ParOldGen       total 68608K, used 66098K [0x0000000080000000, 0x0000000084300000, 0x00000000d5580000)
  object space 68608K, 96% used [0x0000000080000000,0x000000008408cab0,0x0000000084300000)
 Metaspace       used 56596K, committed 58048K, reserved 1114112K
  class space    used 6076K, committed 6720K, reserved 1048576K
}
Event: 20.896 GC heap after
{Heap after GC invocations=73 (full 2):
 PSYoungGen      total 12800K, used 465K [0x00000000d5580000, 0x00000000d6300000, 0x0000000100000000)
  eden space 12288K, 0% used [0x00000000d5580000,0x00000000d5580000,0x00000000d6180000)
  from space 512K, 90% used [0x00000000d6200000,0x00000000d62745f0,0x00000000d6280000)
  to   space 512K, 0% used [0x00000000d6280000,0x00000000d6280000,0x00000000d6300000)
 ParOldGen       total 68608K, used 66298K [0x0000000080000000, 0x0000000084300000, 0x00000000d5580000)
  object space 68608K, 96% used [0x0000000080000000,0x00000000840beab0,0x0000000084300000)
 Metaspace       used 56596K, committed 58048K, reserved 1114112K
  class space    used 6076K, committed 6720K, reserved 1048576K
}
Event: 20.981 GC heap before
{Heap before GC invocations=74 (full 2):
 PSYoungGen      total 12800K, used 12753K [0x00000000d5580000, 0x00000000d6300000, 0x0000000100000000)
  eden space 12288K, 100% used [0x00000000d5580000,0x00000000d6180000,0x00000000d6180000)
  from space 512K, 90% used [0x00000000d6200000,0x00000000d62745f0,0x00000000d6280000)
  to   space 512K, 0% used [0x00000000d6280000,0x00000000d6280000,0x00000000d6300000)
 ParOldGen       total 68608K, used 66298K [0x0000000080000000, 0x0000000084300000, 0x00000000d5580000)
  object space 68608K, 96% used [0x0000000080000000,0x00000000840beab0,0x0000000084300000)
 Metaspace       used 57227K, committed 58688K, reserved 1114112K
  class space    used 6140K, committed 6784K, reserved 1048576K
}
Event: 20.983 GC heap after
{Heap after GC invocations=74 (full 2):
 PSYoungGen      total 11264K, used 508K [0x00000000d5580000, 0x00000000d6680000, 0x0000000100000000)
  eden space 10752K, 0% used [0x00000000d5580000,0x00000000d5580000,0x00000000d6000000)
  from space 512K, 99% used [0x00000000d6280000,0x00000000d62ff3c0,0x00000000d6300000)
  to   space 2560K, 0% used [0x00000000d6000000,0x00000000d6000000,0x00000000d6280000)
 ParOldGen       total 68608K, used 67766K [0x0000000080000000, 0x0000000084300000, 0x00000000d5580000)
  object space 68608K, 98% used [0x0000000080000000,0x000000008422dba0,0x0000000084300000)
 Metaspace       used 57227K, committed 58688K, reserved 1114112K
  class space    used 6140K, committed 6784K, reserved 1048576K
}
Event: 21.012 GC heap before
{Heap before GC invocations=75 (full 2):
 PSYoungGen      total 11264K, used 11260K [0x00000000d5580000, 0x00000000d6680000, 0x0000000100000000)
  eden space 10752K, 100% used [0x00000000d5580000,0x00000000d6000000,0x00000000d6000000)
  from space 512K, 99% used [0x00000000d6280000,0x00000000d62ff3c0,0x00000000d6300000)
  to   space 2560K, 0% used [0x00000000d6000000,0x00000000d6000000,0x00000000d6280000)
 ParOldGen       total 68608K, used 67766K [0x0000000080000000, 0x0000000084300000, 0x00000000d5580000)
  object space 68608K, 98% used [0x0000000080000000,0x000000008422dba0,0x0000000084300000)
 Metaspace       used 57243K, committed 58688K, reserved 1114112K
  class space    used 6140K, committed 6784K, reserved 1048576K
}
Event: 21.014 GC heap after
{Heap after GC invocations=75 (full 2):
 PSYoungGen      total 12288K, used 1099K [0x00000000d5580000, 0x00000000d6300000, 0x0000000100000000)
  eden space 10752K, 0% used [0x00000000d5580000,0x00000000d5580000,0x00000000d6000000)
  from space 1536K, 71% used [0x00000000d6000000,0x00000000d6112cd8,0x00000000d6180000)
  to   space 1536K, 0% used [0x00000000d6180000,0x00000000d6180000,0x00000000d6300000)
 ParOldGen       total 68608K, used 68286K [0x0000000080000000, 0x0000000084300000, 0x00000000d5580000)
  object space 68608K, 99% used [0x0000000080000000,0x00000000842afbb8,0x0000000084300000)
 Metaspace       used 57243K, committed 58688K, reserved 1114112K
  class space    used 6140K, committed 6784K, reserved 1048576K
}
Event: 21.039 GC heap before
{Heap before GC invocations=76 (full 2):
 PSYoungGen      total 12288K, used 11711K [0x00000000d5580000, 0x00000000d6300000, 0x0000000100000000)
  eden space 10752K, 98% used [0x00000000d5580000,0x00000000d5fdd188,0x00000000d6000000)
  from space 1536K, 71% used [0x00000000d6000000,0x00000000d6112cd8,0x00000000d6180000)
  to   space 1536K, 0% used [0x00000000d6180000,0x00000000d6180000,0x00000000d6300000)
 ParOldGen       total 68608K, used 68286K [0x0000000080000000, 0x0000000084300000, 0x00000000d5580000)
  object space 68608K, 99% used [0x0000000080000000,0x00000000842afbb8,0x0000000084300000)
 Metaspace       used 57244K, committed 58688K, reserved 1114112K
  class space    used 6140K, committed 6784K, reserved 1048576K
}
Event: 21.040 GC heap after
{Heap after GC invocations=76 (full 2):
 PSYoungGen      total 12288K, used 969K [0x00000000d5580000, 0x00000000d6300000, 0x0000000100000000)
  eden space 10752K, 0% used [0x00000000d5580000,0x00000000d5580000,0x00000000d6000000)
  from space 1536K, 63% used [0x00000000d6180000,0x00000000d6272730,0x00000000d6300000)
  to   space 1536K, 0% used [0x00000000d6000000,0x00000000d6000000,0x00000000d6180000)
 ParOldGen       total 68608K, used 68302K [0x0000000080000000, 0x0000000084300000, 0x00000000d5580000)
  object space 68608K, 99% used [0x0000000080000000,0x00000000842b3bb8,0x0000000084300000)
 Metaspace       used 57244K, committed 58688K, reserved 1114112K
  class space    used 6140K, committed 6784K, reserved 1048576K
}
Event: 21.114 GC heap before
{Heap before GC invocations=77 (full 2):
 PSYoungGen      total 12288K, used 11721K [0x00000000d5580000, 0x00000000d6300000, 0x0000000100000000)
  eden space 10752K, 100% used [0x00000000d5580000,0x00000000d6000000,0x00000000d6000000)
  from space 1536K, 63% used [0x00000000d6180000,0x00000000d6272730,0x00000000d6300000)
  to   space 1536K, 0% used [0x00000000d6000000,0x00000000d6000000,0x00000000d6180000)
 ParOldGen       total 68608K, used 68302K [0x0000000080000000, 0x0000000084300000, 0x00000000d5580000)
  object space 68608K, 99% used [0x0000000080000000,0x00000000842b3bb8,0x0000000084300000)
 Metaspace       used 58121K, committed 59584K, reserved 1114112K
  class space    used 6216K, committed 6848K, reserved 1048576K
}
Event: 21.116 GC heap after
{Heap after GC invocations=77 (full 2):
 PSYoungGen      total 11264K, used 256K [0x00000000d5580000, 0x00000000d6200000, 0x0000000100000000)
  eden space 10752K, 0% used [0x00000000d5580000,0x00000000d5580000,0x00000000d6000000)
  from space 512K, 50% used [0x00000000d6000000,0x00000000d6040000,0x00000000d6080000)
  to   space 1024K, 0% used [0x00000000d6100000,0x00000000d6100000,0x00000000d6200000)
 ParOldGen       total 68608K, used 68310K [0x0000000080000000, 0x0000000084300000, 0x00000000d5580000)
  object space 68608K, 99% used [0x0000000080000000,0x00000000842b5bb8,0x0000000084300000)
 Metaspace       used 58121K, committed 59584K, reserved 1114112K
  class space    used 6216K, committed 6848K, reserved 1048576K
}
Event: 21.155 GC heap before
{Heap before GC invocations=78 (full 2):
 PSYoungGen      total 11264K, used 1181K [0x00000000d5580000, 0x00000000d6200000, 0x0000000100000000)
  eden space 10752K, 8% used [0x00000000d5580000,0x00000000d56676d0,0x00000000d6000000)
  from space 512K, 50% used [0x00000000d6000000,0x00000000d6040000,0x00000000d6080000)
  to   space 1024K, 0% used [0x00000000d6100000,0x00000000d6100000,0x00000000d6200000)
 ParOldGen       total 68608K, used 68310K [0x0000000080000000, 0x0000000084300000, 0x00000000d5580000)
  object space 68608K, 99% used [0x0000000080000000,0x00000000842b5bb8,0x0000000084300000)
 Metaspace       used 58378K, committed 59776K, reserved 1114112K
  class space    used 6228K, committed 6848K, reserved 1048576K
}
Event: 21.156 GC heap after
{Heap after GC invocations=78 (full 2):
 PSYoungGen      total 11264K, used 224K [0x00000000d5580000, 0x00000000d6180000, 0x0000000100000000)
  eden space 10752K, 0% used [0x00000000d5580000,0x00000000d5580000,0x00000000d6000000)
  from space 512K, 43% used [0x00000000d6100000,0x00000000d6138000,0x00000000d6180000)
  to   space 512K, 0% used [0x00000000d6000000,0x00000000d6000000,0x00000000d6080000)
 ParOldGen       total 68608K, used 68366K [0x0000000080000000, 0x0000000084300000, 0x00000000d5580000)
  object space 68608K, 99% used [0x0000000080000000,0x00000000842c3bb8,0x0000000084300000)
 Metaspace       used 58378K, committed 59776K, reserved 1114112K
  class space    used 6228K, committed 6848K, reserved 1048576K
}
Event: 21.156 GC heap before
{Heap before GC invocations=79 (full 3):
 PSYoungGen      total 11264K, used 224K [0x00000000d5580000, 0x00000000d6180000, 0x0000000100000000)
  eden space 10752K, 0% used [0x00000000d5580000,0x00000000d5580000,0x00000000d6000000)
  from space 512K, 43% used [0x00000000d6100000,0x00000000d6138000,0x00000000d6180000)
  to   space 512K, 0% used [0x00000000d6000000,0x00000000d6000000,0x00000000d6080000)
 ParOldGen       total 68608K, used 68366K [0x0000000080000000, 0x0000000084300000, 0x00000000d5580000)
  object space 68608K, 99% used [0x0000000080000000,0x00000000842c3bb8,0x0000000084300000)
 Metaspace       used 58378K, committed 59776K, reserved 1114112K
  class space    used 6228K, committed 6848K, reserved 1048576K
}
Event: 21.263 GC heap after
{Heap after GC invocations=79 (full 3):
 PSYoungGen      total 11264K, used 0K [0x00000000d5580000, 0x00000000d6180000, 0x0000000100000000)
  eden space 10752K, 0% used [0x00000000d5580000,0x00000000d5580000,0x00000000d6000000)
  from space 512K, 0% used [0x00000000d6100000,0x00000000d6100000,0x00000000d6180000)
  to   space 512K, 0% used [0x00000000d6000000,0x00000000d6000000,0x00000000d6080000)
 ParOldGen       total 68608K, used 48603K [0x0000000080000000, 0x0000000084300000, 0x00000000d5580000)
  object space 68608K, 70% used [0x0000000080000000,0x0000000082f76f18,0x0000000084300000)
 Metaspace       used 58378K, committed 59776K, reserved 1114112K
  class space    used 6228K, committed 6848K, reserved 1048576K
}
Event: 21.648 GC heap before
{Heap before GC invocations=80 (full 3):
 PSYoungGen      total 11264K, used 10752K [0x00000000d5580000, 0x00000000d6180000, 0x0000000100000000)
  eden space 10752K, 100% used [0x00000000d5580000,0x00000000d6000000,0x00000000d6000000)
  from space 512K, 0% used [0x00000000d6100000,0x00000000d6100000,0x00000000d6180000)
  to   space 512K, 0% used [0x00000000d6000000,0x00000000d6000000,0x00000000d6080000)
 ParOldGen       total 68608K, used 48603K [0x0000000080000000, 0x0000000084300000, 0x00000000d5580000)
  object space 68608K, 70% used [0x0000000080000000,0x0000000082f76f18,0x0000000084300000)
 Metaspace       used 59476K, committed 60928K, reserved 1114112K
  class space    used 6336K, committed 6976K, reserved 1048576K
}
Event: 21.650 GC heap after
{Heap after GC invocations=80 (full 3):
 PSYoungGen      total 11264K, used 506K [0x00000000d5580000, 0x00000000d6200000, 0x0000000100000000)
  eden space 10752K, 0% used [0x00000000d5580000,0x00000000d5580000,0x00000000d6000000)
  from space 512K, 98% used [0x00000000d6000000,0x00000000d607e818,0x00000000d6080000)
  to   space 1024K, 0% used [0x00000000d6100000,0x00000000d6100000,0x00000000d6200000)
 ParOldGen       total 68608K, used 48811K [0x0000000080000000, 0x0000000084300000, 0x00000000d5580000)
  object space 68608K, 71% used [0x0000000080000000,0x0000000082faaf18,0x0000000084300000)
 Metaspace       used 59476K, committed 60928K, reserved 1114112K
  class space    used 6336K, committed 6976K, reserved 1048576K
}

